\BOOKMARK [0][-]{chapter*.2}{Abstract}{}% 1
\BOOKMARK [0][-]{chapter*.3}{Opening}{}% 2
\BOOKMARK [1][-]{section*.4}{Balance\040Hand\040Ladder}{chapter*.3}% 3
\BOOKMARK [0][-]{chapter*.5}{Responce\040to\0401}{}% 4
\BOOKMARK [1][-]{section*.6}{Walsh\040transfer}{chapter*.5}% 5
\BOOKMARK [1][-]{section*.7}{Inverted\040minor\040raise\040and\040mixed\040raise}{chapter*.5}% 6
\BOOKMARK [1][-]{section*.8}{Others}{chapter*.5}% 7
\BOOKMARK [1][-]{section*.9}{Responce to 1–1!}{chapter*.5}% 8
\BOOKMARK [1][-]{section*.14}{Responce to 1–1!}{chapter*.5}% 9
\BOOKMARK [1][-]{section*.18}{Responce to 1–1!}{chapter*.5}% 10
\BOOKMARK [1][-]{section*.23}{Responce to 1–2!}{chapter*.5}% 11
\BOOKMARK [0][-]{chapter*.24}{Responce\040to\0401}{}% 12
\BOOKMARK [1][-]{section*.25}{Inverted\040minor\040raise\040and\040mixed\040raise}{chapter*.24}% 13
\BOOKMARK [1][-]{section*.26}{Responce to 1–2!}{chapter*.24}% 14
\BOOKMARK [1][-]{section*.27}{Responce to 1–2}{chapter*.24}% 15
\BOOKMARK [0][-]{chapter*.28}{Responce\040to\0401}{}% 16
\BOOKMARK [1][-]{section*.29}{Supportive\040bid}{chapter*.28}% 17
\BOOKMARK [1][-]{section*.30}{Two\040over\040one}{chapter*.28}% 18
\BOOKMARK [1][-]{section*.31}{Jacoby\0402S!}{chapter*.28}% 19
\BOOKMARK [1][-]{section*.32}{Bergen\040Raises}{chapter*.28}% 20
\BOOKMARK [1][-]{section*.33}{Splinter}{chapter*.28}% 21
\BOOKMARK [1][-]{section*.34}{Others}{chapter*.28}% 22
\BOOKMARK [1][-]{section*.35}{Responce to 1–1N!}{chapter*.28}% 23
\BOOKMARK [1][-]{section*.36}{Responce to 1–2}{chapter*.28}% 24
\BOOKMARK [1][-]{section*.37}{Responce to 1–2}{chapter*.28}% 25
\BOOKMARK [1][-]{section*.38}{Responce to 1–2}{chapter*.28}% 26
\BOOKMARK [0][-]{chapter*.39}{Responce\040to\0401}{}% 27
\BOOKMARK [1][-]{section*.40}{Supportive\040bid}{chapter*.39}% 28
\BOOKMARK [1][-]{section*.41}{Two\040over\040one}{chapter*.39}% 29
\BOOKMARK [1][-]{section*.42}{Jacoby\0402N!}{chapter*.39}% 30
\BOOKMARK [1][-]{section*.43}{Bergen\040Raises}{chapter*.39}% 31
\BOOKMARK [1][-]{section*.44}{Splinter}{chapter*.39}% 32
\BOOKMARK [1][-]{section*.45}{Others}{chapter*.39}% 33
\BOOKMARK [1][-]{section*.46}{Responce to 1–1N!}{chapter*.39}% 34
\BOOKMARK [1][-]{section*.47}{Responce to 1–2}{chapter*.39}% 35
\BOOKMARK [1][-]{section*.48}{Responce to 1–2}{chapter*.39}% 36
\BOOKMARK [1][-]{section*.49}{Responce to 1–2}{chapter*.39}% 37
\BOOKMARK [1][-]{section*.50}{Responce to 1–2}{chapter*.39}% 38
\BOOKMARK [0][-]{chapter*.51}{Responce to 1X–1Y–1Z–}{}% 39
\BOOKMARK [1][-]{section*.52}{Responce to 1X–1Y–1Z–}{chapter*.51}% 40
\BOOKMARK [0][-]{chapter*.53}{Responce\040to\0401\040No-trump}{}% 41
\BOOKMARK [1][-]{section*.54}{Responce\040to\0401\040No-trump}{chapter*.53}% 42
\BOOKMARK [1][-]{section*.55}{Escape}{chapter*.53}% 43
\BOOKMARK [1][-]{section*.58}{Lebensohl}{chapter*.53}% 44
\BOOKMARK [0][-]{chapter*.59}{Responce\040to\0402}{}% 45
\BOOKMARK [1][-]{section*.60}{Waiting\040Response}{chapter*.59}% 46
\BOOKMARK [1][-]{section*.61}{Positive\040Response}{chapter*.59}% 47
\BOOKMARK [1][-]{section*.62}{Balance\040Hand}{chapter*.59}% 48
\BOOKMARK [1][-]{section*.63}{Good\040suit}{chapter*.59}% 49
\BOOKMARK [1][-]{section*.64}{Response to 2–2!}{chapter*.59}% 50
\BOOKMARK [0][-]{chapter*.67}{Responce\040to\0402}{}% 51
\BOOKMARK [1][-]{section*.68}{Responce\040to\0402}{chapter*.67}% 52
\BOOKMARK [0][-]{chapter*.69}{Responce\040to\0402/}{}% 53
\BOOKMARK [1][-]{section*.70}{Responce\040to\0402/}{chapter*.69}% 54
\BOOKMARK [0][-]{chapter*.71}{Responce\040to\0402\040No-trump}{}% 55
\BOOKMARK [1][-]{section*.72}{Romex\040Stayman}{chapter*.71}% 56
\BOOKMARK [1][-]{section*.73}{Jacoby\040Transfer}{chapter*.71}% 57
\BOOKMARK [1][-]{section*.74}{Minor\040Stayman}{chapter*.71}% 58
\BOOKMARK [0][-]{chapter*.76}{Responce\040to\040Gambling\0403\040No-trump}{}% 59
\BOOKMARK [1][-]{section*.77}{Responce\040to\0403N}{chapter*.76}% 60
\BOOKMARK [0][-]{chapter*.78}{Against\040No-trump}{}% 61
\BOOKMARK [1][-]{section*.79}{Against\040No-trump}{chapter*.78}% 62
\BOOKMARK [0][-]{chapter*.80}{Against\040Big\040/}{}% 63
\BOOKMARK [1][-]{section*.81}{Against\040Big\040/}{chapter*.80}% 64
