This is XeTeX, Version 3.1415926-2.5-0.9999.3 (TeX Live 2013/Debian) (format=xelatex 2015.5.9)  22 JUN 2015 01:50
entering extended mode
 restricted \write18 enabled.
 %&-line parsing enabled.
**system.tex
(./system.tex
LaTeX2e <2011/06/27>
Babel <3.9h> and hyphenation patterns for 2 languages loaded.
(/usr/share/texlive/texmf-dist/tex/latex/base/report.cls
Document Class: report 2007/10/19 v1.4h Standard LaTeX document class
(/usr/share/texlive/texmf-dist/tex/latex/base/size12.clo
File: size12.clo 2007/10/19 v1.4h Standard LaTeX file (size option)
)
\c@part=\count80
\c@chapter=\count81
\c@section=\count82
\c@subsection=\count83
\c@subsubsection=\count84
\c@paragraph=\count85
\c@subparagraph=\count86
\c@figure=\count87
\c@table=\count88
\abovecaptionskip=\skip41
\belowcaptionskip=\skip42
\bibindent=\dimen102
)
(/usr/share/texlive/texmf-dist/tex/latex/geometry/geometry.sty
Package: geometry 2010/09/12 v5.6 Page Geometry

(/usr/share/texlive/texmf-dist/tex/latex/graphics/keyval.sty
Package: keyval 1999/03/16 v1.13 key=value parser (DPC)
\KV@toks@=\toks14
)
(/usr/share/texlive/texmf-dist/tex/generic/oberdiek/ifpdf.sty
Package: ifpdf 2011/01/30 v2.3 Provides the ifpdf switch (HO)
Package ifpdf Info: pdfTeX in PDF mode is not detected.
)
(/usr/share/texlive/texmf-dist/tex/generic/oberdiek/ifvtex.sty
Package: ifvtex 2010/03/01 v1.5 Detect VTeX and its facilities (HO)
Package ifvtex Info: VTeX not detected.
)
(/usr/share/texlive/texmf-dist/tex/generic/ifxetex/ifxetex.sty
Package: ifxetex 2010/09/12 v0.6 Provides ifxetex conditional
)
\Gm@cnth=\count89
\Gm@cntv=\count90
\c@Gm@tempcnt=\count91
\Gm@bindingoffset=\dimen103
\Gm@wd@mp=\dimen104
\Gm@odd@mp=\dimen105
\Gm@even@mp=\dimen106
\Gm@layoutwidth=\dimen107
\Gm@layoutheight=\dimen108
\Gm@layouthoffset=\dimen109
\Gm@layoutvoffset=\dimen110
\Gm@dimlist=\toks15
)
(./grbbridge.sty (./xstring.sty (./xstring.tex
\@xs@message=\write3
\integerpart=\count92
\decimalpart=\count93
)
Package: xstring 2013/10/13  v1.7c  String manipulations (C Tellechea)
)
(/usr/share/texlive/texmf-dist/tex/latex/base/ifthen.sty
Package: ifthen 2001/05/26 v1.1c Standard LaTeX ifthen package (DPC)
)
Package: grbbridge 

(/usr/share/texlive/texmf-dist/tex/latex/float/float.sty
Package: float 2001/11/08 v1.3d Float enhancements (AL)
\c@float@type=\count94
\float@exts=\toks16
\float@box=\box26
\@float@everytoks=\toks17
\@floatcapt=\box27
)
\@float@every@deal=\toks18
\c@deal=\count95
) (./units.sty)
(/usr/share/texlive/texmf-dist/tex/latex/tools/indentfirst.sty
Package: indentfirst 1995/11/23 v1.03 Indent first paragraph (DPC)
)
(/usr/share/texlive/texmf-dist/tex/latex/url/url.sty
\Urlmuskip=\muskip10
Package: url 2013/09/16  ver 3.4  Verb mode for urls, etc.
)
(/usr/share/texlive/texmf-dist/tex/latex/tools/enumerate.sty
Package: enumerate 1999/03/05 v3.00 enumerate extensions (DPC)
\@enLab=\toks19
)
(/usr/share/texlive/texmf-dist/tex/latex/hyperref/hyperref.sty
Package: hyperref 2012/11/06 v6.83m Hypertext links for LaTeX

(/usr/share/texlive/texmf-dist/tex/generic/oberdiek/hobsub-hyperref.sty
Package: hobsub-hyperref 2012/05/28 v1.13 Bundle oberdiek, subset hyperref (HO)


(/usr/share/texlive/texmf-dist/tex/generic/oberdiek/hobsub-generic.sty
Package: hobsub-generic 2012/05/28 v1.13 Bundle oberdiek, subset generic (HO)
Package: hobsub 2012/05/28 v1.13 Construct package bundles (HO)
Package: infwarerr 2010/04/08 v1.3 Providing info/warning/error messages (HO)
Package: ltxcmds 2011/11/09 v1.22 LaTeX kernel commands for general use (HO)
Package: ifluatex 2010/03/01 v1.3 Provides the ifluatex switch (HO)
Package ifluatex Info: LuaTeX not detected.
Package hobsub Info: Skipping package `ifvtex' (already loaded).
Package: intcalc 2007/09/27 v1.1 Expandable calculations with integers (HO)
Package hobsub Info: Skipping package `ifpdf' (already loaded).
Package: etexcmds 2011/02/16 v1.5 Avoid name clashes with e-TeX commands (HO)
Package etexcmds Info: Could not find \expanded.
(etexcmds)             That can mean that you are not using pdfTeX 1.50 or
(etexcmds)             that some package has redefined \expanded.
(etexcmds)             In the latter case, load this package earlier.
Package: kvsetkeys 2012/04/25 v1.16 Key value parser (HO)
Package: kvdefinekeys 2011/04/07 v1.3 Define keys (HO)
Package: pdftexcmds 2011/11/29 v0.20 Utility functions of pdfTeX for LuaTeX (HO
)
Package pdftexcmds Info: LuaTeX not detected.
Package pdftexcmds Info: pdfTeX >= 1.30 not detected.
Package pdftexcmds Info: \pdf@primitive is available.
Package pdftexcmds Info: \pdf@ifprimitive is available.
Package pdftexcmds Info: \pdfdraftmode not found.
Package: pdfescape 2011/11/25 v1.13 Implements pdfTeX's escape features (HO)
Package: bigintcalc 2012/04/08 v1.3 Expandable calculations on big integers (HO
)
Package: bitset 2011/01/30 v1.1 Handle bit-vector datatype (HO)
Package: uniquecounter 2011/01/30 v1.2 Provide unlimited unique counter (HO)
)
Package hobsub Info: Skipping package `hobsub' (already loaded).
Package: letltxmacro 2010/09/02 v1.4 Let assignment for LaTeX macros (HO)
Package: hopatch 2012/05/28 v1.2 Wrapper for package hooks (HO)
Package: xcolor-patch 2011/01/30 xcolor patch
Package: atveryend 2011/06/30 v1.8 Hooks at the very end of document (HO)
Package atveryend Info: \enddocument detected (standard20110627).
Package: atbegshi 2011/10/05 v1.16 At begin shipout hook (HO)
Package: refcount 2011/10/16 v3.4 Data extraction from label references (HO)
Package: hycolor 2011/01/30 v1.7 Color options for hyperref/bookmark (HO)
)
(/usr/share/texlive/texmf-dist/tex/latex/oberdiek/auxhook.sty
Package: auxhook 2011/03/04 v1.3 Hooks for auxiliary files (HO)
)
(/usr/share/texlive/texmf-dist/tex/latex/oberdiek/kvoptions.sty
Package: kvoptions 2011/06/30 v3.11 Key value format for package options (HO)
)
\@linkdim=\dimen111
\Hy@linkcounter=\count96
\Hy@pagecounter=\count97

(/usr/share/texlive/texmf-dist/tex/latex/hyperref/pd1enc.def
File: pd1enc.def 2012/11/06 v6.83m Hyperref: PDFDocEncoding definition (HO)
)
\Hy@SavedSpaceFactor=\count98

(/usr/share/texlive/texmf-dist/tex/latex/latexconfig/hyperref.cfg
File: hyperref.cfg 2002/06/06 v1.2 hyperref configuration of TeXLive
)
Package hyperref Info: Hyper figures OFF on input line 4443.
Package hyperref Info: Link nesting OFF on input line 4448.
Package hyperref Info: Hyper index ON on input line 4451.
Package hyperref Info: Plain pages OFF on input line 4458.
Package hyperref Info: Backreferencing OFF on input line 4463.
Package hyperref Info: Implicit mode ON; LaTeX internals redefined.
Package hyperref Info: Bookmarks ON on input line 4688.
\c@Hy@tempcnt=\count99
LaTeX Info: Redefining \url on input line 5041.
\XeTeXLinkMargin=\dimen112
\Fld@menulength=\count100
\Field@Width=\dimen113
\Fld@charsize=\dimen114
Package hyperref Info: Hyper figures OFF on input line 6295.
Package hyperref Info: Link nesting OFF on input line 6300.
Package hyperref Info: Hyper index ON on input line 6303.
Package hyperref Info: backreferencing OFF on input line 6310.
Package hyperref Info: Link coloring OFF on input line 6315.
Package hyperref Info: Link coloring with OCG OFF on input line 6320.
Package hyperref Info: PDF/A mode OFF on input line 6325.
LaTeX Info: Redefining \ref on input line 6365.
LaTeX Info: Redefining \pageref on input line 6369.
\Hy@abspage=\count101
\c@Item=\count102
\c@Hfootnote=\count103
)

Package hyperref Message: Driver (autodetected): hxetex.

(/usr/share/texlive/texmf-dist/tex/latex/hyperref/hxetex.def
File: hxetex.def 2012/11/06 v6.83m Hyperref driver for XeTeX

(/usr/share/texlive/texmf-dist/tex/latex/hyperref/puenc.def
File: puenc.def 2012/11/06 v6.83m Hyperref: PDF Unicode definition (HO)
)
(/usr/share/texlive/texmf-dist/tex/generic/oberdiek/stringenc.sty
Package: stringenc 2011/12/02 v1.10 Convert strings between diff. encodings (HO
)
)
\pdfm@box=\box28
\c@Hy@AnnotLevel=\count104
\HyField@AnnotCount=\count105
\Fld@listcount=\count106
\c@bookmark@seq@number=\count107

(/usr/share/texlive/texmf-dist/tex/latex/oberdiek/rerunfilecheck.sty
Package: rerunfilecheck 2011/04/15 v1.7 Rerun checks for auxiliary files (HO)
Package rerunfilecheck Info: Feature \pdfmdfivesum is not available
(rerunfilecheck)             (e.g. pdfTeX or LuaTeX with package `pdftexcmds').

(rerunfilecheck)             Therefore file contents cannot be checked efficien
tly
(rerunfilecheck)             and the loading of the package is aborted.
)
\Hy@SectionHShift=\skip43
)
Package hyperref Info: Option `colorlinks' set `true' on input line 16.

(./system.aux)
\openout1 = `system.aux'.

LaTeX Font Info:    Checking defaults for OML/cmm/m/it on input line 18.
LaTeX Font Info:    ... okay on input line 18.
LaTeX Font Info:    Checking defaults for T1/cmr/m/n on input line 18.
LaTeX Font Info:    ... okay on input line 18.
LaTeX Font Info:    Checking defaults for OT1/cmr/m/n on input line 18.
LaTeX Font Info:    ... okay on input line 18.
LaTeX Font Info:    Checking defaults for OMS/cmsy/m/n on input line 18.
LaTeX Font Info:    ... okay on input line 18.
LaTeX Font Info:    Checking defaults for OMX/cmex/m/n on input line 18.
LaTeX Font Info:    ... okay on input line 18.
LaTeX Font Info:    Checking defaults for U/cmr/m/n on input line 18.
LaTeX Font Info:    ... okay on input line 18.
LaTeX Font Info:    Checking defaults for PD1/pdf/m/n on input line 18.
LaTeX Font Info:    ... okay on input line 18.
LaTeX Font Info:    Checking defaults for PU/pdf/m/n on input line 18.
LaTeX Font Info:    ... okay on input line 18.

*geometry* driver: auto-detecting
*geometry* detected driver: xetex
*geometry* verbose mode - [ preamble ] result:
* driver: xetex
* paper: a5paper
* layout: <same size as paper>
* layoutoffset:(h,v)=(0.0pt,0.0pt)
* modes: twoside 
* h-part:(L,W,R)=(71.13188pt, 278.83702pt, 71.13188pt)
* v-part:(T,H,B)=(71.13188pt, 455.24411pt, 71.13188pt)
* \paperwidth=421.10078pt
* \paperheight=597.50787pt
* \textwidth=278.83702pt
* \textheight=455.24411pt
* \oddsidemargin=-1.1381pt
* \evensidemargin=-1.1381pt
* \topmargin=-38.1381pt
* \headheight=12.0pt
* \headsep=25.0pt
* \topskip=12.0pt
* \footskip=30.0pt
* \marginparwidth=48.0pt
* \marginparsep=10.0pt
* \columnsep=10.0pt
* \skip\footins=10.8pt plus 4.0pt minus 2.0pt
* \hoffset=0.0pt
* \voffset=0.0pt
* \mag=1000
* \@twocolumnfalse
* \@twosidetrue
* \@mparswitchtrue
* \@reversemarginfalse
* (1in=72.27pt=25.4mm, 1cm=28.453pt)

\AtBeginShipoutBox=\box29
(/usr/share/texlive/texmf-dist/tex/latex/graphics/color.sty
Package: color 2005/11/14 v1.0j Standard LaTeX Color (DPC)

(/usr/share/texlive/texmf-dist/tex/latex/latexconfig/color.cfg
File: color.cfg 2007/01/18 v1.5 color configuration of teTeX/TeXLive
)
Package color Info: Driver file: xetex.def on input line 130.

(/usr/share/texlive/texmf-dist/tex/xelatex/xetex-def/xetex.def
File: xetex.def 2013/04/29 v0.96 LaTeX color/graphics driver for XeTeX (RRM/JK)

))
Package hyperref Info: Link coloring ON on input line 18.

(/usr/share/texlive/texmf-dist/tex/latex/hyperref/nameref.sty
Package: nameref 2012/10/27 v2.43 Cross-referencing by name of section

(/usr/share/texlive/texmf-dist/tex/generic/oberdiek/gettitlestring.sty
Package: gettitlestring 2010/12/03 v1.4 Cleanup title references (HO)
)
\c@section@level=\count108
)
LaTeX Info: Redefining \ref on input line 18.
LaTeX Info: Redefining \pageref on input line 18.
LaTeX Info: Redefining \nameref on input line 18.

(./system.out) (./system.out)
\@outlinefile=\write4
\openout4 = `system.out'.

LaTeX Font Info:    External font `cmex10' loaded for size
(Font)              <14.4> on input line 23.
LaTeX Font Info:    External font `cmex10' loaded for size
(Font)              <7> on input line 23.

(/usr/share/texlive/texmf-dist/tex/generic/oberdiek/se-ascii-print.def
File: se-ascii-print.def 2011/12/02 v1.10 stringenc: Printable ASCII characters

)
[1

] (./system.toc
LaTeX Font Info:    External font `cmex10' loaded for size
(Font)              <12> on input line 3.
LaTeX Font Info:    External font `cmex10' loaded for size
(Font)              <8> on input line 3.
LaTeX Font Info:    External font `cmex10' loaded for size
(Font)              <6> on input line 3.
 [2

] [3])
\tf@toc=\write5
\openout5 = `system.toc'.

 [4]
Overfull \hbox (0.21841pt too wide) in paragraph at lines 28--31
\OT1/cmr/m/n/12 Keywords:5542 2/1 game-forcing, weak no-trump open-
 []

[5

]
Overfull \hbox (7.62448pt too wide) in paragraph at lines 49--50
[][]\OT1/cmr/m/n/12 /[]/[] : 6-11 HCP (not VUL), 8-11 HCP (VUL),
 []

[6

] [7]
LaTeX Font Info:    External font `cmex10' loaded for size
(Font)              <24.88> on input line 54.
LaTeX Font Info:    External font `cmex10' loaded for size
(Font)              <20.74> on input line 54.
LaTeX Font Info:    External font `cmex10' loaded for size
(Font)              <17.28> on input line 54.


Package hyperref Warning: Token not allowed in a PDF string (Unicode):
(hyperref)                removing `\clubsuit' on input line 55.


Package hyperref Warning: The anchor of a bookmark and its parent's must not
(hyperref)                be the same. Added a new anchor on input line 56.


Package hyperref Warning: Token not allowed in a PDF string (Unicode):
(hyperref)                removing `\clubsuit' on input line 56.


Underfull \hbox (badness 10000) in paragraph at lines 57--58

 []


Package hyperref Warning: Token not allowed in a PDF string (Unicode):
(hyperref)                removing `\clubsuit' on input line 83.


Package hyperref Warning: Token not allowed in a PDF string (Unicode):
(hyperref)                removing `\diamondsuit' on input line 83.

[8

] [9]

Package hyperref Warning: Token not allowed in a PDF string (Unicode):
(hyperref)                removing `\clubsuit' on input line 186.


Package hyperref Warning: Token not allowed in a PDF string (Unicode):
(hyperref)                removing `\heartsuit' on input line 186.


Overfull \hbox (14.20749pt too wide) in paragraph at lines 196--197
[]\OT1/cmr/m/n/12 1N : BAL, 12-14 HCP (VUL), 15-17 HCP (notVUL). 
 []

[10]

Package hyperref Warning: Token not allowed in a PDF string (Unicode):
(hyperref)                removing `\clubsuit' on input line 308.


Package hyperref Warning: Token not allowed in a PDF string (Unicode):
(hyperref)                removing `\spadesuit' on input line 308.


Overfull \hbox (14.20749pt too wide) in paragraph at lines 320--321
[]\OT1/cmr/m/n/12 1N : BAL, 12-14 HCP (VUL), 15-17 HCP (notVUL). 
 []

[11] [12]

Package hyperref Warning: Token not allowed in a PDF string (Unicode):
(hyperref)                removing `\clubsuit' on input line 408.


Package hyperref Warning: Token not allowed in a PDF string (Unicode):
(hyperref)                removing `\clubsuit' on input line 408.

[13] [14]

Package hyperref Warning: Token not allowed in a PDF string (Unicode):
(hyperref)                removing `\diamondsuit' on input line 425.


Package hyperref Warning: The anchor of a bookmark and its parent's must not
(hyperref)                be the same. Added a new anchor on input line 426.


Package hyperref Warning: Token not allowed in a PDF string (Unicode):
(hyperref)                removing `\diamondsuit' on input line 426.


Underfull \hbox (badness 10000) in paragraph at lines 427--428

 []


Package hyperref Warning: Token not allowed in a PDF string (Unicode):
(hyperref)                removing `\diamondsuit' on input line 437.


Package hyperref Warning: Token not allowed in a PDF string (Unicode):
(hyperref)                removing `\diamondsuit' on input line 437.

[15

]

Package hyperref Warning: Token not allowed in a PDF string (Unicode):
(hyperref)                removing `\diamondsuit' on input line 452.


Package hyperref Warning: Token not allowed in a PDF string (Unicode):
(hyperref)                removing `\clubsuit' on input line 452.

[16]

Package hyperref Warning: Token not allowed in a PDF string (Unicode):
(hyperref)                removing `\heartsuit' on input line 468.

[17

]
LaTeX Font Info:    Try loading font information for OMS+cmr on input line 516.

 (/usr/share/texlive/texmf-dist/tex/latex/base/omscmr.fd
File: omscmr.fd 1999/05/25 v2.5h Standard LaTeX font definitions
)
LaTeX Font Info:    Font shape `OMS/cmr/m/n' in size <12> not available
(Font)              Font shape `OMS/cmsy/m/n' tried instead on input line 516.
 [18]

Package hyperref Warning: Token not allowed in a PDF string (Unicode):
(hyperref)                removing `\heartsuit' on input line 545.


Package hyperref Warning: Token not allowed in a PDF string (Unicode):
(hyperref)                removing `\heartsuit' on input line 563.


Package hyperref Warning: Token not allowed in a PDF string (Unicode):
(hyperref)                removing `\clubsuit' on input line 563.

[19]

Package hyperref Warning: Token not allowed in a PDF string (Unicode):
(hyperref)                removing `\heartsuit' on input line 578.


Package hyperref Warning: Token not allowed in a PDF string (Unicode):
(hyperref)                removing `\diamondsuit' on input line 578.

[20]

Package hyperref Warning: Token not allowed in a PDF string (Unicode):
(hyperref)                removing `\heartsuit' on input line 592.


Package hyperref Warning: Token not allowed in a PDF string (Unicode):
(hyperref)                removing `\heartsuit' on input line 592.

[21]

Package hyperref Warning: Token not allowed in a PDF string (Unicode):
(hyperref)                removing `\spadesuit' on input line 612.

[22

] [23]

Package hyperref Warning: Token not allowed in a PDF string (Unicode):
(hyperref)                removing `\spadesuit' on input line 690.


Package hyperref Warning: Token not allowed in a PDF string (Unicode):
(hyperref)                removing `\spadesuit' on input line 709.


Package hyperref Warning: Token not allowed in a PDF string (Unicode):
(hyperref)                removing `\clubsuit' on input line 709.

[24]

Package hyperref Warning: Token not allowed in a PDF string (Unicode):
(hyperref)                removing `\spadesuit' on input line 724.


Package hyperref Warning: Token not allowed in a PDF string (Unicode):
(hyperref)                removing `\diamondsuit' on input line 724.

[25]

Package hyperref Warning: Token not allowed in a PDF string (Unicode):
(hyperref)                removing `\spadesuit' on input line 738.


Package hyperref Warning: Token not allowed in a PDF string (Unicode):
(hyperref)                removing `\heartsuit' on input line 738.


Package hyperref Warning: Token not allowed in a PDF string (Unicode):
(hyperref)                removing `\spadesuit' on input line 751.


Package hyperref Warning: Token not allowed in a PDF string (Unicode):
(hyperref)                removing `\spadesuit' on input line 751.

[26] [27] [28

]

Package hyperref Warning: Token not allowed in a PDF string (Unicode):
(hyperref)                removing `\clubsuit' on input line 809.

[29

]

Package hyperref Warning: Token not allowed in a PDF string (Unicode):
(hyperref)                removing `\clubsuit' on input line 873.


Package hyperref Warning: Token not allowed in a PDF string (Unicode):
(hyperref)                removing `\diamondsuit' on input line 873.

[30]

Package hyperref Warning: Token not allowed in a PDF string (Unicode):
(hyperref)                removing `\diamondsuit' on input line 876.


Package hyperref Warning: Token not allowed in a PDF string (Unicode):
(hyperref)                removing `\heartsuit' on input line 876.


Package hyperref Warning: Token not allowed in a PDF string (Unicode):
(hyperref)                removing `\spadesuit' on input line 876.


Package hyperref Warning: The anchor of a bookmark and its parent's must not
(hyperref)                be the same. Added a new anchor on input line 877.


Package hyperref Warning: Token not allowed in a PDF string (Unicode):
(hyperref)                removing `\diamondsuit' on input line 877.


Package hyperref Warning: Token not allowed in a PDF string (Unicode):
(hyperref)                removing `\heartsuit' on input line 877.


Package hyperref Warning: Token not allowed in a PDF string (Unicode):
(hyperref)                removing `\spadesuit' on input line 877.


Underfull \hbox (badness 10000) in paragraph at lines 878--879

 []

[31

]

Package hyperref Warning: The anchor of a bookmark and its parent's must not
(hyperref)                be the same. Added a new anchor on input line 894.


Underfull \hbox (badness 10000) in paragraph at lines 895--896

 []

[32

]

Package hyperref Warning: The anchor of a bookmark and its parent's must not
(hyperref)                be the same. Added a new anchor on input line 909.


Underfull \hbox (badness 10000) in paragraph at lines 910--911

 []

[33

] [34

]
Underfull \hbox (badness 10000) in paragraph at lines 924--927

 []

[35

]
Underfull \hbox (badness 10000) in paragraph at lines 952--955

 []

[36] [37]

Package hyperref Warning: Token not allowed in a PDF string (Unicode):
(hyperref)                removing `\clubsuit' on input line 967.


Package hyperref Warning: Token not allowed in a PDF string (Unicode):
(hyperref)                removing `\diamondsuit' on input line 967.


Underfull \hbox (badness 10000) in paragraph at lines 968--972

 []


Overfull \hbox (8.40227pt too wide) in paragraph at lines 979--980
[]\OT1/cmr/m/n/12 DBL : a non-touching two-suit ([]+[]/[]+[]) which
 []

[38

] [39]
Package atveryend Info: Empty hook `BeforeClearDocument' on input line 984.
 [40

]
Package atveryend Info: Empty hook `AfterLastShipout' on input line 984.
 (./system.aux)
Package atveryend Info: Empty hook `AtVeryEndDocument' on input line 984.
Package atveryend Info: Empty hook `AtEndAfterFileList' on input line 984.
Package atveryend Info: Empty hook `AtVeryVeryEnd' on input line 984.
 ) 
Here is how much of TeX's memory you used:
 8971 strings out of 495658
 124703 string characters out of 6187952
 200310 words of memory out of 5000000
 12134 multiletter control sequences out of 15000+600000
 11312 words of font info for 39 fonts, out of 8000000 for 9000
 14 hyphenation exceptions out of 8191
 29i,8n,37p,432b,457s stack positions out of 5000i,500n,10000p,200000b,80000s

Output written on system.pdf (40 pages).
